<?xml version="1.0" encoding="UTF-8"?>
<!-- Generated by org.testng.reporters.JUnitReportReporter -->
<testsuite hostname="VINODHOSTING" failures="0" tests="1" name="runners.MyRunner" time="34.680" errors="0" timestamp="2022-07-07T12:56:26 IST" skipped="0">
  <testcase classname="runners.MyRunner" name="runScenario" time="34.680"/>
  <system-out/>
</testsuite> <!-- runners.MyRunner -->
