<?xml version="1.0" encoding="UTF-8"?>
<!-- Generated by org.testng.reporters.JUnitReportReporter -->
<testsuite hostname="VINODHOSTING" failures="0" tests="1" name="runners.MyRunner" time="42.592" errors="0" timestamp="2022-07-08T10:38:05 IST" skipped="0">
  <testcase classname="runners.MyRunner" name="runScenario" time="42.592"/>
  <system-out/>
</testsuite> <!-- runners.MyRunner -->
