<?xml version="1.0" encoding="UTF-8"?>
<!-- Generated by org.testng.reporters.JUnitReportReporter -->
<testsuite hostname="VINODHOSTING" failures="0" tests="1" name="runners.MyRunner" time="53.355" errors="0" timestamp="2022-07-02T09:23:07 IST" skipped="0">
  <testcase classname="runners.MyRunner" name="runScenario" time="53.355"/>
  <system-out/>
</testsuite> <!-- runners.MyRunner -->
