<?xml version="1.0" encoding="UTF-8"?>
<!-- Generated by org.testng.reporters.JUnitReportReporter -->
<testsuite hostname="VINODHOSTING" failures="0" tests="1" name="runners.MyRunner" time="35.900" errors="0" timestamp="2022-07-07T17:05:53 IST" skipped="0">
  <testcase classname="runners.MyRunner" name="runScenario" time="35.900"/>
  <system-out/>
</testsuite> <!-- runners.MyRunner -->
